{
  "stats": {
    "suites": 1,
    "tests": 3,
    "passes": 1,
    "pending": 0,
    "failures": 2,
    "start": "2022-12-18T03:48:18.208Z",
    "end": "2022-12-18T03:49:19.271Z",
    "duration": 61063,
    "testsRegistered": 3,
    "passPercent": 33.33333333333333,
    "pendingPercent": 0,
    "other": 0,
    "hasOther": false,
    "skipped": 0,
    "hasSkipped": false
  },
  "results": [
    {
      "uuid": "76accc4b-9026-4004-bf3b-342cb6038101",
      "title": "",
      "fullFile": "cypress\\e2e\\test\\cart.cy.js",
      "file": "cypress\\e2e\\test\\cart.cy.js",
      "beforeHooks": [],
      "afterHooks": [],
      "tests": [],
      "suites": [
        {
          "uuid": "9dc1de6b-820f-4876-9f6f-6f410d10d87a",
          "title": "Cart test cases",
          "fullFile": "",
          "file": "",
          "beforeHooks": [],
          "afterHooks": [],
          "tests": [
            {
              "title": "Verify checkout without billing information",
              "fullTitle": "Cart test cases Verify checkout without billing information",
              "timedOut": null,
              "duration": 20619,
              "state": "passed",
              "speed": "slow",
              "pass": true,
              "fail": false,
              "pending": false,
              "context": null,
              "code": "cy.wait(3000); //click the continue button\ncy.get(_billing.default.continueBtn).click(); //aasert field validation\ncy.get(_billing.default.errorMsg).contains(' This field is required ').should('be.visible');",
              "err": {},
              "uuid": "eae46020-81de-42f0-8a66-6f6e1699df84",
              "parentUUID": "9dc1de6b-820f-4876-9f6f-6f410d10d87a",
              "isHook": false,
              "skipped": false
            },
            {
              "title": "Verify the check out process",
              "fullTitle": "Cart test cases Verify the check out process",
              "timedOut": null,
              "duration": 17601,
              "state": "failed",
              "speed": null,
              "pass": false,
              "fail": true,
              "pending": false,
              "context": null,
              "code": "//enter billing info\n_billing.default.billing('Dave Lee', 'dave@test.com', 'WestKings', 'Street', 'Bran', 'Kingston', '58375'); //enter credit card info\n\ncy.iframe(_billing.default.payment).find('#card-number').type('4242 4242 4242 4242');\ncy.iframe(_billing.default.payment).find('#expiry-date').type('1211');\ncy.iframe(_billing.default.payment).find('#cvv').type('424');\ncy.get(_billing.default.continueBtn).click(); //assertion\n//cy.wait(3000);\n//cy.iframe(billingPage.body).find(billingPage.thankYou).should('contain', 'Thank you for your order');\n// cy.get(billingPage.itemList).should('contain', ' Quality Fitted Hat ');\n// cy.get(billingPage.itemList).should('contain', ' $30.00 ');\n// cy.get(billingPage.billingInfo).should('contain', ' Dave Lee ');\n// cy.get(billingPage.billingInfo).should('contain', 'dave@test.com');\n// cy.get(billingPage.itemTotal).should('contain', ' $30.00 ');",
              "err": {
                "message": "CypressError: `cy.select()` can only be called on a `<select>`. Your subject is a: `<input type=\"text\" id=\"province_4f4c6686-91ea-4095-abd5-6b1d8a25a98d\" name=\"province\" class=\"snipcart-input__input snipcart__font--secondary snipcart__font--bold\">`\n\nhttps://on.cypress.io/select",
                "estack": "CypressError: `cy.select()` can only be called on a `<select>`. Your subject is a: `<input type=\"text\" id=\"province_4f4c6686-91ea-4095-abd5-6b1d8a25a98d\" name=\"province\" class=\"snipcart-input__input snipcart__font--secondary snipcart__font--bold\">`\n\nhttps://on.cypress.io/select\n    at Context.select (https://ui-automation-camp.vercel.app/__cypress/runner/cypress_runner.js:136723:78)\n    at wrapped (https://ui-automation-camp.vercel.app/__cypress/runner/cypress_runner.js:156314:19)\nFrom Your Spec Code:\n    at Billing.billing (webpack:///./cypress/e2e/page/billing.page.js:42:35)\n    at Context.eval (webpack:///./cypress/e2e/test/cart.cy.js:36:20)",
                "diff": null
              },
              "uuid": "091dd476-53e4-47e7-b03b-61cd2e798545",
              "parentUUID": "9dc1de6b-820f-4876-9f6f-6f410d10d87a",
              "isHook": false,
              "skipped": false
            },
            {
              "title": "Verify the can navigate but from Details page",
              "fullTitle": "Cart test cases Verify the can navigate but from Details page",
              "timedOut": null,
              "duration": 22556,
              "state": "failed",
              "speed": null,
              "pass": false,
              "fail": true,
              "pending": false,
              "context": null,
              "code": "cy.wait(3000); //enter billing info\n_billing.default.billing('Dave Lee', 'dave@test.com', 'WestKings', 'Street', 'Bran', 'Kingston', '58375'); //enter credit card info\n\ncy.iframe(_billing.default.payment).find('#card-number').type('4242 4242 4242 4242');\ncy.iframe(_billing.default.payment).find('#expiry-date').type('1211');\ncy.iframe(_billing.default.payment).find('#cvv').type('424');\ncy.get(_billing.default.continueBtn).click(); //click the back to home button\ncy.get(_billing.default.backBtn).click(); //assert \ncy.get(_billing.default.itemText).contains('Quality Fitted Hat').should('be.visible');\ncy.get(_billing.default.itemText).contains('Back to products').should('be.visible');",
              "err": {
                "message": "CypressError: `cy.select()` can only be called on a `<select>`. Your subject is a: `<input type=\"text\" id=\"province_2726fad7-fe96-4456-b115-9ab18f814cf9\" name=\"province\" class=\"snipcart-input__input snipcart__font--secondary snipcart__font--bold\">`\n\nhttps://on.cypress.io/select",
                "estack": "CypressError: `cy.select()` can only be called on a `<select>`. Your subject is a: `<input type=\"text\" id=\"province_2726fad7-fe96-4456-b115-9ab18f814cf9\" name=\"province\" class=\"snipcart-input__input snipcart__font--secondary snipcart__font--bold\">`\n\nhttps://on.cypress.io/select\n    at Context.select (https://ui-automation-camp.vercel.app/__cypress/runner/cypress_runner.js:136723:78)\n    at wrapped (https://ui-automation-camp.vercel.app/__cypress/runner/cypress_runner.js:156314:19)\nFrom Your Spec Code:\n    at Billing.billing (webpack:///./cypress/e2e/page/billing.page.js:42:35)\n    at Context.eval (webpack:///./cypress/e2e/test/cart.cy.js:62:20)",
                "diff": null
              },
              "uuid": "67c14ab2-1bd8-4cc8-8845-1dcedae7a341",
              "parentUUID": "9dc1de6b-820f-4876-9f6f-6f410d10d87a",
              "isHook": false,
              "skipped": false
            }
          ],
          "suites": [],
          "passes": [
            "eae46020-81de-42f0-8a66-6f6e1699df84"
          ],
          "failures": [
            "091dd476-53e4-47e7-b03b-61cd2e798545",
            "67c14ab2-1bd8-4cc8-8845-1dcedae7a341"
          ],
          "pending": [],
          "skipped": [],
          "duration": 60776,
          "root": false,
          "rootEmpty": false,
          "_timeout": 2000
        }
      ],
      "passes": [],
      "failures": [],
      "pending": [],
      "skipped": [],
      "duration": 0,
      "root": true,
      "rootEmpty": true,
      "_timeout": 2000
    }
  ],
  "meta": {
    "mocha": {
      "version": "7.0.1"
    },
    "mochawesome": {
      "options": {
        "quiet": false,
        "reportFilename": "mochawesome",
        "saveHtml": false,
        "saveJson": true,
        "consoleReporter": "spec",
        "useInlineDiffs": false,
        "code": true
      },
      "version": "7.1.3"
    },
    "marge": {
      "options": {
        "reportDir": "cypress/reports",
        "overwrite": false,
        "html": false,
        "json": true
      },
      "version": "6.2.0"
    }
  }
}