{
  "stats": {
    "suites": 1,
    "tests": 3,
    "passes": 3,
    "pending": 0,
    "failures": 0,
    "start": "2022-12-18T03:37:17.225Z",
    "end": "2022-12-18T03:37:49.461Z",
    "duration": 32236,
    "testsRegistered": 3,
    "passPercent": 100,
    "pendingPercent": 0,
    "other": 0,
    "hasOther": false,
    "skipped": 0,
    "hasSkipped": false
  },
  "results": [
    {
      "uuid": "ae979115-6c05-4736-b048-43aef9d31821",
      "title": "",
      "fullFile": "cypress\\e2e\\test\\search.cy.js",
      "file": "cypress\\e2e\\test\\search.cy.js",
      "beforeHooks": [],
      "afterHooks": [],
      "tests": [],
      "suites": [
        {
          "uuid": "26259b93-e650-4ac8-b288-b04c8c1ae841",
          "title": "Search test cases",
          "fullFile": "",
          "file": "",
          "beforeHooks": [],
          "afterHooks": [],
          "tests": [
            {
              "title": "Verify user can search valid item name",
              "fullTitle": "Search test cases Verify user can search valid item name",
              "timedOut": null,
              "duration": 12851,
              "state": "passed",
              "speed": "slow",
              "pass": true,
              "fail": false,
              "pending": false,
              "context": null,
              "code": "//search data\n_search.default.searchItem('Quality Trucker Hat'); //assert item found\n\ncy.get(_search.default.itemsName).should('contain', 'Quality Trucker Hat');",
              "err": {},
              "uuid": "6ddd701f-0713-40ea-ab89-dbe4300fc05d",
              "parentUUID": "26259b93-e650-4ac8-b288-b04c8c1ae841",
              "isHook": false,
              "skipped": false
            },
            {
              "title": "Verify user can search invalid item name",
              "fullTitle": "Search test cases Verify user can search invalid item name",
              "timedOut": null,
              "duration": 8768,
              "state": "passed",
              "speed": "medium",
              "pass": true,
              "fail": false,
              "pending": false,
              "context": null,
              "code": "//search value that doesnt exist\n_search.default.searchItem('No Data'); //assert no data found\n\ncy.get(_search.default.itemsName).should('be.empty');",
              "err": {},
              "uuid": "e4adb880-50fe-44d2-bbfd-928d0cc63fef",
              "parentUUID": "26259b93-e650-4ac8-b288-b04c8c1ae841",
              "isHook": false,
              "skipped": false
            },
            {
              "title": "Verify user can search filtered option",
              "fullTitle": "Search test cases Verify user can search filtered option",
              "timedOut": null,
              "duration": 10320,
              "state": "passed",
              "speed": "slow",
              "pass": true,
              "fail": false,
              "pending": false,
              "context": null,
              "code": "//filter and search\n_search.default.filterItem(1);\n_search.default.searchItem('Quality Sweatshirt');\ncy.get(_search.default.itemsName).should('contain', 'Quality Sweatshirt'); //search and search the search field\ncy.get(_search.default.searchs).clear();\n_search.default.searchItem('Quality Trucker Hat'); //assert its empty\n\ncy.get(_search.default.itemsName).should('be.empty');",
              "err": {},
              "uuid": "0847e1b9-b7a2-4e12-ab21-4c68827856d5",
              "parentUUID": "26259b93-e650-4ac8-b288-b04c8c1ae841",
              "isHook": false,
              "skipped": false
            }
          ],
          "suites": [],
          "passes": [
            "6ddd701f-0713-40ea-ab89-dbe4300fc05d",
            "e4adb880-50fe-44d2-bbfd-928d0cc63fef",
            "0847e1b9-b7a2-4e12-ab21-4c68827856d5"
          ],
          "failures": [],
          "pending": [],
          "skipped": [],
          "duration": 31939,
          "root": false,
          "rootEmpty": false,
          "_timeout": 2000
        }
      ],
      "passes": [],
      "failures": [],
      "pending": [],
      "skipped": [],
      "duration": 0,
      "root": true,
      "rootEmpty": true,
      "_timeout": 2000
    }
  ],
  "meta": {
    "mocha": {
      "version": "7.0.1"
    },
    "mochawesome": {
      "options": {
        "quiet": false,
        "reportFilename": "mochawesome",
        "saveHtml": false,
        "saveJson": true,
        "consoleReporter": "spec",
        "useInlineDiffs": false,
        "code": true
      },
      "version": "7.1.3"
    },
    "marge": {
      "options": {
        "reportDir": "cypress/reports",
        "overwrite": false,
        "html": false,
        "json": true
      },
      "version": "6.2.0"
    }
  }
}