{
  "stats": {
    "suites": 1,
    "tests": 3,
    "passes": 3,
    "pending": 0,
    "failures": 0,
    "start": "2022-12-18T03:35:33.101Z",
    "end": "2022-12-18T03:36:08.278Z",
    "duration": 35177,
    "testsRegistered": 3,
    "passPercent": 100,
    "pendingPercent": 0,
    "other": 0,
    "hasOther": false,
    "skipped": 0,
    "hasSkipped": false
  },
  "results": [
    {
      "uuid": "a9627ffb-1424-4ab8-8c2b-7ffe79bd5afd",
      "title": "",
      "fullFile": "cypress\\e2e\\test\\contact.cy.js",
      "file": "cypress\\e2e\\test\\contact.cy.js",
      "beforeHooks": [],
      "afterHooks": [],
      "tests": [],
      "suites": [
        {
          "uuid": "80f279c4-23c4-4edc-8075-1680d29c31bd",
          "title": "Search test cases",
          "fullFile": "",
          "file": "",
          "beforeHooks": [],
          "afterHooks": [],
          "tests": [
            {
              "title": "Verify contact for validation",
              "fullTitle": "Search test cases Verify contact for validation",
              "timedOut": null,
              "duration": 14195,
              "state": "passed",
              "speed": "slow",
              "pass": true,
              "fail": false,
              "pending": false,
              "context": null,
              "code": "//click the submit button\ncy.get(_contact2.default.sendBtn).click();\ncy.wait(3000); //assert required fields\ncy.get(_contact2.default.errorMsg).should('contain', 'Field is required!');",
              "err": {},
              "uuid": "49f3807b-c56b-433d-83c9-1393d79f8f3a",
              "parentUUID": "80f279c4-23c4-4edc-8075-1680d29c31bd",
              "isHook": false,
              "skipped": false
            },
            {
              "title": "Verify submitting contact form",
              "fullTitle": "Search test cases Verify submitting contact form",
              "timedOut": null,
              "duration": 10546,
              "state": "passed",
              "speed": "slow",
              "pass": true,
              "fail": false,
              "pending": false,
              "context": null,
              "code": "//complate contact form\n_contact2.default.contact('Dave', 'Winters', 'winter@gmail.com', 'Help', 'I need help in fixing issue with login'); //assert form was submited successfully\n\ncy.get(_contact2.default.successMsg1).should('contain', 'Message Sent!');\ncy.get(_contact2.default.successMsg2).should('contain', 'Your message has been sent!');",
              "err": {},
              "uuid": "a740b954-ac58-434d-ba16-d135712085f1",
              "parentUUID": "80f279c4-23c4-4edc-8075-1680d29c31bd",
              "isHook": false,
              "skipped": false
            },
            {
              "title": "Verify form for user with an invalid email",
              "fullTitle": "Search test cases Verify form for user with an invalid email",
              "timedOut": null,
              "duration": 10156,
              "state": "passed",
              "speed": "slow",
              "pass": true,
              "fail": false,
              "pending": false,
              "context": null,
              "code": "//complete contant form\ncy.get(_contact2.default.firstNameField).type('Wayne');\ncy.get(_contact2.default.lastNameField).type('Barry');\ncy.get(_contact2.default.emailField).type('barry@.');\ncy.get(_contact2.default.subjectField).type('Thanks');\ncy.get(_contact2.default.messageField).type('Thank You');\ncy.get(_contact2.default.sendBtn).click(); //assert invalid email message is displayed\ncy.get(_contact2.default.errorMsg).should('contain', 'Email is invalid');",
              "err": {},
              "uuid": "8297dd92-05ed-48f9-b117-c03982a618b5",
              "parentUUID": "80f279c4-23c4-4edc-8075-1680d29c31bd",
              "isHook": false,
              "skipped": false
            }
          ],
          "suites": [],
          "passes": [
            "49f3807b-c56b-433d-83c9-1393d79f8f3a",
            "a740b954-ac58-434d-ba16-d135712085f1",
            "8297dd92-05ed-48f9-b117-c03982a618b5"
          ],
          "failures": [],
          "pending": [],
          "skipped": [],
          "duration": 34897,
          "root": false,
          "rootEmpty": false,
          "_timeout": 2000
        }
      ],
      "passes": [],
      "failures": [],
      "pending": [],
      "skipped": [],
      "duration": 0,
      "root": true,
      "rootEmpty": true,
      "_timeout": 2000
    }
  ],
  "meta": {
    "mocha": {
      "version": "7.0.1"
    },
    "mochawesome": {
      "options": {
        "quiet": false,
        "reportFilename": "mochawesome",
        "saveHtml": false,
        "saveJson": true,
        "consoleReporter": "spec",
        "useInlineDiffs": false,
        "code": true
      },
      "version": "7.1.3"
    },
    "marge": {
      "options": {
        "reportDir": "cypress/reports",
        "overwrite": false,
        "html": false,
        "json": true
      },
      "version": "6.2.0"
    }
  }
}